<?xml version="1.0" encoding="UTF-8"?>
<!-- Generated by org.testng.reporters.JUnitXMLReporter -->
<testsuite ignored="1" hostname="cumupunlpt187" failures="0" tests="1" name="Test" time="6.771" errors="0" timestamp="2025-12-16T22:38:47 IST">
  <testcase classname="testCase.TC001_AccountRegestationTest" name="verify_account_regestion" time="2.435"/>
  <testcase classname="testCase.TC002_LoginTest" name="verify_login" time="0.0">
    <ignored/>
  </testcase> <!-- verify_login -->
</testsuite> <!-- Test -->
