<?xml version="1.0" encoding="UTF-8"?>
<testng-results ignored="1" total="2" passed="1" failed="0" skipped="0">
  <reporter-output>
  </reporter-output>
  <suite started-at="2025-12-16T22:38:40 IST" name="Suite" finished-at="2025-12-16T22:38:47 IST" duration-ms="6771">
    <groups>
      <group name="Master">
        <method signature="TC001_AccountRegestationTest.verify_account_regestion()[pri:0, instance:testCase.TC001_AccountRegestationTest@163d04ff]" name="verify_account_regestion" class="testCase.TC001_AccountRegestationTest"/>
      </group> <!-- Master -->
      <group name="Regression">
        <method signature="TC001_AccountRegestationTest.verify_account_regestion()[pri:0, instance:testCase.TC001_AccountRegestationTest@163d04ff]" name="verify_account_regestion" class="testCase.TC001_AccountRegestationTest"/>
      </group> <!-- Regression -->
    </groups>
    <test started-at="2025-12-16T22:38:40 IST" name="Test" finished-at="2025-12-16T22:38:47 IST" duration-ms="6771">
      <class name="testCase.TC001_AccountRegestationTest">
        <test-method is-config="true" signature="setup()[pri:0, instance:testCase.TC001_AccountRegestationTest@163d04ff]" started-at="2025-12-16T22:38:40 IST" name="setup" finished-at="2025-12-16T22:38:44 IST" duration-ms="3981" status="PASS">
          <reporter-output>
          </reporter-output>
        </test-method> <!-- setup -->
        <test-method signature="verify_account_regestion()[pri:0, instance:testCase.TC001_AccountRegestationTest@163d04ff]" started-at="2025-12-16T22:38:44 IST" name="verify_account_regestion" finished-at="2025-12-16T22:38:47 IST" duration-ms="2435" status="PASS">
          <reporter-output>
          </reporter-output>
        </test-method> <!-- verify_account_regestion -->
        <test-method is-config="true" signature="teardown()[pri:0, instance:testCase.TC001_AccountRegestationTest@163d04ff]" started-at="2025-12-16T22:38:47 IST" name="teardown" finished-at="2025-12-16T22:38:47 IST" duration-ms="321" status="PASS">
          <reporter-output>
          </reporter-output>
        </test-method> <!-- teardown -->
      </class> <!-- testCase.TC001_AccountRegestationTest -->
    </test> <!-- Test -->
  </suite> <!-- Suite -->
</testng-results>
